0 info it worked if it ends with ok
1 verbose cli [ 'C:\\Program Files\\nodejs\\node.exe',
1 verbose cli   'C:\\Users\\len\\AppData\\Roaming\\npm\\node_modules\\cnpm\\node_modules\\npm\\bin\\npm-cli.js',
1 verbose cli   '--userconfig=C:\\Users\\len\\.cnpmrc',
1 verbose cli   '--disturl=https://npm.taobao.org/mirrors/node',
1 verbose cli   '--registry=https://registry.npm.taobao.org',
1 verbose cli   'start' ]
2 info using npm@3.10.10
3 info using node@v6.10.1
4 verbose run-script [ 'prestart', 'start', 'poststart' ]
5 info lifecycle node-cmp@0.0.0~prestart: node-cmp@0.0.0
6 silly lifecycle node-cmp@0.0.0~prestart: no script for prestart, continuing
7 info lifecycle node-cmp@0.0.0~start: node-cmp@0.0.0
8 verbose lifecycle node-cmp@0.0.0~start: unsafe-perm in lifecycle true
9 verbose lifecycle node-cmp@0.0.0~start: PATH: C:\Users\len\AppData\Roaming\npm\node_modules\cnpm\node_modules\npm\bin\node-gyp-bin;F:\test\node_test\node_cmp\node_modules\.bin;C:\Program Files (x86)\Lenovo\FusionEngine;C:\Program Files (x86)\Intel\TXE Components\TCS\;C:\Program Files\Intel\TXE Components\TCS\;C:\windows\system32;C:\windows;C:\windows\System32\Wbem;C:\windows\System32\WindowsPowerShell\v1.0\;C:\Program Files\Lenovo\Bluetooth Software\;C:\Program Files\Lenovo\Bluetooth Software\syswow64;C:\Program Files\Java\jre7\bin;C:\Program Files\Java\jdk1.7.0_67\bin;C:\Program Files\nodejs\;D:\xampp\MySQL\bin;C:\Program Files\TortoiseGit\bin;C:\Program Files\Git\cmd;C:\Users\len\AppData\Local\Programs\Python\Python36-32\Scripts\;C:\Users\len\AppData\Local\Programs\Python\Python36-32\;C:\Users\len\AppData\Roaming\npm
10 verbose lifecycle node-cmp@0.0.0~start: CWD: F:\test\node_test\node_cmp
11 silly lifecycle node-cmp@0.0.0~start: Args: [ '/d /s /c', 'node ./bin/www' ]
12 silly lifecycle node-cmp@0.0.0~start: Returned: code: 1  signal: null
13 info lifecycle node-cmp@0.0.0~start: Failed to exec start script
14 verbose stack Error: node-cmp@0.0.0 start: `node ./bin/www`
14 verbose stack Exit status 1
14 verbose stack     at EventEmitter.<anonymous> (C:\Users\len\AppData\Roaming\npm\node_modules\cnpm\node_modules\npm\lib\utils\lifecycle.js:255:16)
14 verbose stack     at emitTwo (events.js:106:13)
14 verbose stack     at EventEmitter.emit (events.js:191:7)
14 verbose stack     at ChildProcess.<anonymous> (C:\Users\len\AppData\Roaming\npm\node_modules\cnpm\node_modules\npm\lib\utils\spawn.js:40:14)
14 verbose stack     at emitTwo (events.js:106:13)
14 verbose stack     at ChildProcess.emit (events.js:191:7)
14 verbose stack     at maybeClose (internal/child_process.js:886:16)
14 verbose stack     at Process.ChildProcess._handle.onexit (internal/child_process.js:226:5)
15 verbose pkgid node-cmp@0.0.0
16 verbose cwd F:\test\node_test\node_cmp
17 error Windows_NT 6.3.9600
18 error argv "C:\\Program Files\\nodejs\\node.exe" "C:\\Users\\len\\AppData\\Roaming\\npm\\node_modules\\cnpm\\node_modules\\npm\\bin\\npm-cli.js" "--userconfig=C:\\Users\\len\\.cnpmrc" "--disturl=https://npm.taobao.org/mirrors/node" "--registry=https://registry.npm.taobao.org" "start"
19 error node v6.10.1
20 error npm  v3.10.10
21 error code ELIFECYCLE
22 error node-cmp@0.0.0 start: `node ./bin/www`
22 error Exit status 1
23 error Failed at the node-cmp@0.0.0 start script 'node ./bin/www'.
23 error Make sure you have the latest version of node.js and npm installed.
23 error If you do, this is most likely a problem with the node-cmp package,
23 error not with npm itself.
23 error Tell the author that this fails on your system:
23 error     node ./bin/www
23 error You can get information on how to open an issue for this project with:
23 error     npm bugs node-cmp
23 error Or if that isn't available, you can get their info via:
23 error     npm owner ls node-cmp
23 error There is likely additional logging output above.
24 verbose exit [ 1, true ]
